Using pre-set license
Built from '2020.3/china_unity/release' branch; Version is '2020.3.14f1c1 (ed787cdc2846) revision 15562876'; Using compiler version '192528614'; Build Type 'Release'
OS: 'Windows 10 Home China; OS build 19042.1110; Version 2009; 64bit' Language: 'zh' Physical Memory: 16126 MB
BatchMode: 1, IsHumanControllingUs: 0, StartBugReporterOnCrash: 0, Is64bit: 1, IsPro: 0

 COMMAND LINE ARGUMENTS:
D:\Unity 3D\2020.3.14f1c1\Editor\Unity.exe
-adb2
-batchMode
-noUpm
-name
AssetImportWorker0
-projectPath
D:/Projects/new unity project/New Unity Project
-logFile
Logs/AssetImportWorker0.log
-srvPort
64261
Successfully changed project path to: D:/Projects/new unity project/New Unity Project
D:/Projects/new unity project/New Unity Project
Using Asset Import Pipeline V2.
Refreshing native plugins compatible for Editor in 25.34 ms, found 2 plugins.
Preloading 0 native plugins for Editor in 0.00 ms.
Initialize engine version: 2020.3.14f1c1 (ed787cdc2846)
[Subsystems] Discovering subsystems at path D:/Unity 3D/2020.3.14f1c1/Editor/Data/Resources/UnitySubsystems
[Subsystems] Discovering subsystems at path D:/Projects/new unity project/New Unity Project/Assets
GfxDevice: creating device client; threaded=0
Direct3D:
    Version:  Direct3D 11.0 [level 11.1]
    Renderer: NVIDIA GeForce RTX 3060 Laptop GPU (ID=0x2560)
    Vendor:   
    VRAM:     6023 MB
    Driver:   27.21.14.6236
Initialize mono
Mono path[0] = 'D:/Unity 3D/2020.3.14f1c1/Editor/Data/Managed'
Mono path[1] = 'D:/Unity 3D/2020.3.14f1c1/Editor/Data/MonoBleedingEdge/lib/mono/unityjit'
Mono config path = 'D:/Unity 3D/2020.3.14f1c1/Editor/Data/MonoBleedingEdge/etc'
Using monoOptions --debugger-agent=transport=dt_socket,embedding=1,server=y,suspend=n,address=127.0.0.1:56680
Begin MonoManager ReloadAssembly
Registering precompiled unity dll's ...
Register platform support module: D:/Unity 3D/2020.3.14f1c1/Editor/Data/PlaybackEngines/MacStandaloneSupport/UnityEditor.OSXStandalone.Extensions.dll
Register platform support module: D:/Unity 3D/2020.3.14f1c1/Editor/Data/PlaybackEngines/WindowsStandaloneSupport/UnityEditor.WindowsStandalone.Extensions.dll
Registered in 0.001145 seconds.
Native extension for WindowsStandalone target not found
Native extension for OSXStandalone target not found
Refreshing native plugins compatible for Editor in 23.86 ms, found 2 plugins.
Preloading 0 native plugins for Editor in 0.00 ms.
Mono: successfully reloaded assembly
- Completed reload, in  0.568 seconds
Domain Reload Profiling:
	ReloadAssembly (568ms)
		BeginReloadAssembly (41ms)
			ExecutionOrderSort (0ms)
			DisableScriptedObjects (0ms)
			BackupInstance (0ms)
			ReleaseScriptingObjects (0ms)
			CreateAndSetChildDomain (1ms)
		EndReloadAssembly (311ms)
			LoadAssemblies (41ms)
			RebuildTransferFunctionScriptingTraits (0ms)
			SetupTypeCache (112ms)
			ReleaseScriptCaches (0ms)
			RebuildScriptCaches (25ms)
			SetupLoadedEditorAssemblies (116ms)
				LogAssemblyErrors (0ms)
				InitializePlatformSupportModulesInManaged (4ms)
				SetLoadedEditorAssemblies (0ms)
				RefreshPlugins (24ms)
				BeforeProcessingInitializeOnLoad (5ms)
				ProcessInitializeOnLoadAttributes (62ms)
				ProcessInitializeOnLoadMethodAttributes (21ms)
				AfterProcessingInitializeOnLoad (0ms)
				EditorAssembliesLoaded (0ms)
			ExecutionOrderSort2 (0ms)
			AwakeInstancesAfterBackupRestoration (0ms)
Platform modules already initialized, skipping
Registering precompiled user dll's ...
Registered in 0.003522 seconds.
Begin MonoManager ReloadAssembly
Native extension for WindowsStandalone target not found
Native extension for OSXStandalone target not found
Refreshing native plugins compatible for Editor in 0.47 ms, found 2 plugins.
Preloading 0 native plugins for Editor in 0.00 ms.
Find all reader and writers took 58 milliseconds
Script Module: UnityEngine.UI.dll
Weave behaviours and messages took 49 milliseconds
Find all reader and writers took 39 milliseconds
Script Module: UnityEngine.TestRunner.dll
Weave behaviours and messages took 14 milliseconds
Find all reader and writers took 37 milliseconds
Script Module: SimpleWebTransport.dll
Weave behaviours and messages took 5 milliseconds
Find all reader and writers took 40 milliseconds
Script Module: Unity.Timeline.dll
Weave behaviours and messages took 16 milliseconds
Find all reader and writers took 53 milliseconds
Script Module: Unity.TextMeshPro.dll
Weave behaviours and messages took 53 milliseconds
Find all reader and writers took 33 milliseconds
Script Module: kcp2k.dll
Weave behaviours and messages took 3 milliseconds
Find all reader and writers took 34 milliseconds
Script Module: Telepathy.dll
Weave behaviours and messages took 1 milliseconds
Find all reader and writers took 35 milliseconds
Script Module: where-allocations.dll
Weave behaviours and messages took 0 milliseconds
Find all reader and writers took 59 milliseconds
Script Module: UnityEditor.TestRunner.dll
Weave behaviours and messages took 24 milliseconds
Find all reader and writers took 57 milliseconds
Script Module: UnityEditor.UI.dll
Weave behaviours and messages took 10 milliseconds
Find all reader and writers took 41 milliseconds
Script Module: Mirror.CompilerSymbols.dll
Weave behaviours and messages took 0 milliseconds
Mono: successfully reloaded assembly
- Completed reload, in  2.300 seconds
Domain Reload Profiling:
	ReloadAssembly (2301ms)
		BeginReloadAssembly (115ms)
			ExecutionOrderSort (0ms)
			DisableScriptedObjects (4ms)
			BackupInstance (0ms)
			ReleaseScriptingObjects (0ms)
			CreateAndSetChildDomain (17ms)
		EndReloadAssembly (2143ms)
			LoadAssemblies (70ms)
			RebuildTransferFunctionScriptingTraits (0ms)
			SetupTypeCache (202ms)
			ReleaseScriptCaches (0ms)
			RebuildScriptCaches (33ms)
			SetupLoadedEditorAssemblies (1773ms)
				LogAssemblyErrors (0ms)
				InitializePlatformSupportModulesInManaged (5ms)
				SetLoadedEditorAssemblies (0ms)
				RefreshPlugins (1ms)
				BeforeProcessingInitializeOnLoad (42ms)
				ProcessInitializeOnLoadAttributes (168ms)
				ProcessInitializeOnLoadMethodAttributes (1556ms)
				AfterProcessingInitializeOnLoad (2ms)
				EditorAssembliesLoaded (0ms)
			ExecutionOrderSort2 (0ms)
			AwakeInstancesAfterBackupRestoration (5ms)
Platform modules already initialized, skipping
========================================================================
Worker process is ready to serve import requests
Launched and connected shader compiler UnityShaderCompiler.exe after 0.06 seconds
Refreshing native plugins compatible for Editor in 0.74 ms, found 2 plugins.
Preloading 0 native plugins for Editor in 0.00 ms.
Unloading 1655 Unused Serialized files (Serialized files now loaded: 0)
System memory in use before: 75.8 MB.
System memory in use after: 75.9 MB.

Unloading 23 unused Assets to reduce memory usage. Loaded Objects now: 2084.
Total: 3.235800 ms (FindLiveObjects: 0.156100 ms CreateObjectMapping: 0.029000 ms MarkObjects: 2.899900 ms  DeleteObjects: 0.149500 ms)

AssetImportParameters requested are different than current active one (requested -> active):
  custom:framework-win-MediaFoundation: 216162199b28c13a410421893ffa2e32 -> 
  custom:video-decoder-ogg-theora: a1e56fd34408186e4bbccfd4996cb3dc -> 
  custom:container-muxer-webm: aa71ff27fc2769a1b78a27578f13a17b -> 
  custom:container-demuxer-webm: 4f35f7cbe854078d1ac9338744f61a02 -> 
  custom:container-demuxer-ogg: 62fdf1f143b41e24485cea50d1cbac27 -> 
  custom:video-encoder-webm-vp8: eb34c28f22e8b96e1ab97ce403110664 -> 
  custom:video-codec-MediaFoundation-h265: 746d11721c4dcdbdad8f713fa42b33f4 -> 
  custom:video-decoder-webm-vp8: 9c59270c3fd7afecdb556c50c9e8de78 -> 
  custom:audio-decoder-ogg-vorbis: bf7c407c2cedff20999df2af8eb42d56 -> 
  custom:audio-encoder-webm-vorbis: bf7c407c2cedff20999df2af8eb42d56 -> 
========================================================================
Received Import Request.
  path: Assets/Mirror/Examples/AdditiveScenes/Scenes
  artifactKey: Guid(e989860f377e7764bb7787086ef44ea4) Importer(815301076,1909f56bfc062723c751e8b465ee728b)
Start importing Assets/Mirror/Examples/AdditiveScenes/Scenes using Guid(e989860f377e7764bb7787086ef44ea4) Importer(815301076,1909f56bfc062723c751e8b465ee728b)  -> (artifact id: 'd9ba2432aeec2961f473471e543299c2') in 0.004504 seconds 
  Import took 0.007042 seconds .

========================================================================
Received Import Request.
  Time since last request: 0.000282 seconds.
  path: Assets/Mirror/Examples/Basic
  artifactKey: Guid(0ea49fcefbc864e19a94091a170fc06c) Importer(815301076,1909f56bfc062723c751e8b465ee728b)
Start importing Assets/Mirror/Examples/Basic using Guid(0ea49fcefbc864e19a94091a170fc06c) Importer(815301076,1909f56bfc062723c751e8b465ee728b)  -> (artifact id: '6fd9df76f0e1a7937fa517d08d2a477f') in 0.001662 seconds 
  Import took 0.003714 seconds .

========================================================================
Received Import Request.
  Time since last request: 0.000186 seconds.
  path: Assets/Mirror/Examples/AdditiveScenes
  artifactKey: Guid(b84b2a39b3027c747b21ad714a439214) Importer(815301076,1909f56bfc062723c751e8b465ee728b)
Start importing Assets/Mirror/Examples/AdditiveScenes using Guid(b84b2a39b3027c747b21ad714a439214) Importer(815301076,1909f56bfc062723c751e8b465ee728b)  -> (artifact id: '7daa9c71a3f225b81a3378f57fd96968') in 0.001922 seconds 
  Import took 0.004287 seconds .

========================================================================
Received Import Request.
  Time since last request: 0.599280 seconds.
  path: Assets/Mirror/Examples/Benchmark
  artifactKey: Guid(1a0b6db5b77ec4177a6e47b68ea7d064) Importer(815301076,1909f56bfc062723c751e8b465ee728b)
Start importing Assets/Mirror/Examples/Benchmark using Guid(1a0b6db5b77ec4177a6e47b68ea7d064) Importer(815301076,1909f56bfc062723c751e8b465ee728b)  -> (artifact id: '7794dac9a724884f50ac050925d59495') in 0.001727 seconds 
  Import took 0.004106 seconds .

========================================================================
Received Import Request.
  Time since last request: 1.889795 seconds.
  path: Assets/Mirror/Examples/Chat
  artifactKey: Guid(92165d23a248449f58d0be75d794a127) Importer(815301076,1909f56bfc062723c751e8b465ee728b)
Start importing Assets/Mirror/Examples/Chat using Guid(92165d23a248449f58d0be75d794a127) Importer(815301076,1909f56bfc062723c751e8b465ee728b)  -> (artifact id: '4730f1f3664576bee276467df20f32c4') in 0.001718 seconds 
  Import took 0.004249 seconds .

========================================================================
Received Import Request.
  Time since last request: 0.891115 seconds.
  path: Assets/Mirror/Examples/Chat/Scenes
  artifactKey: Guid(71f6f21bb51d14dc0b231a8488826aac) Importer(815301076,1909f56bfc062723c751e8b465ee728b)
Start importing Assets/Mirror/Examples/Chat/Scenes using Guid(71f6f21bb51d14dc0b231a8488826aac) Importer(815301076,1909f56bfc062723c751e8b465ee728b)  -> (artifact id: 'f16a81969f17dbf01eb56f2ea8d2ce14') in 0.001650 seconds 
  Import took 0.003975 seconds .

========================================================================
Received Import Request.
  Time since last request: 0.944368 seconds.
  path: Assets/Mirror/Examples/Chat/Scenes/Main.unity
  artifactKey: Guid(f4e8d4de4484e44bba666f2d1f66c73e) Importer(815301076,1909f56bfc062723c751e8b465ee728b)
Start importing Assets/Mirror/Examples/Chat/Scenes/Main.unity using Guid(f4e8d4de4484e44bba666f2d1f66c73e) Importer(815301076,1909f56bfc062723c751e8b465ee728b)  -> (artifact id: '0ef82d21e2a07e01fc5415391d07247b') in 0.009214 seconds 
  Import took 0.011621 seconds .

========================================================================
Received Import Request.
  Time since last request: 10.076541 seconds.
  path: Assets/Mirror/Examples/Room
  artifactKey: Guid(ba0822b68f209a743bc575c6f2cc78f0) Importer(815301076,1909f56bfc062723c751e8b465ee728b)
Start importing Assets/Mirror/Examples/Room using Guid(ba0822b68f209a743bc575c6f2cc78f0) Importer(815301076,1909f56bfc062723c751e8b465ee728b)  -> (artifact id: '73edbed288952250dd81d6d80f0a923a') in 0.002014 seconds 
  Import took 0.004574 seconds .

========================================================================
Received Import Request.
  Time since last request: 1.575859 seconds.
  path: Assets/Mirror/Examples/Room/Scenes
  artifactKey: Guid(4f704ae4b4f98ae41a0bce26658850c1) Importer(815301076,1909f56bfc062723c751e8b465ee728b)
Start importing Assets/Mirror/Examples/Room/Scenes using Guid(4f704ae4b4f98ae41a0bce26658850c1) Importer(815301076,1909f56bfc062723c751e8b465ee728b)  -> (artifact id: '8208fd568ee2d33985b5310927ecacb9') in 0.001579 seconds 
  Import took 0.004064 seconds .

========================================================================
Received Import Request.
  Time since last request: 3.445239 seconds.
  path: Assets/Mirror/Examples/Room/Scenes/OnlineScene.unity
  artifactKey: Guid(d7a6763559b31854586c9e49916273ef) Importer(815301076,1909f56bfc062723c751e8b465ee728b)
Start importing Assets/Mirror/Examples/Room/Scenes/OnlineScene.unity using Guid(d7a6763559b31854586c9e49916273ef) Importer(815301076,1909f56bfc062723c751e8b465ee728b)  -> (artifact id: '4ed560a049640e99f5028d6047afa1d1') in 0.002238 seconds 
  Import took 0.004801 seconds .

========================================================================
Received Import Request.
  Time since last request: 0.429470 seconds.
  path: Assets/Mirror/Examples/Room/Scenes/RoomScene.unity
  artifactKey: Guid(48478f4d522f96945b8396f376299d3a) Importer(815301076,1909f56bfc062723c751e8b465ee728b)
Start importing Assets/Mirror/Examples/Room/Scenes/RoomScene.unity using Guid(48478f4d522f96945b8396f376299d3a) Importer(815301076,1909f56bfc062723c751e8b465ee728b)  -> (artifact id: '37a40037de60e7ca2528d06d5cc2a12c') in 0.002134 seconds 
  Import took 0.004533 seconds .

========================================================================
Received Import Request.
  Time since last request: 15.647143 seconds.
  path: Assets/Mirror/Examples/Room/Scenes/OfflineScene.unity
  artifactKey: Guid(9e6f14982412b2545a0911ebaaa46a23) Importer(815301076,1909f56bfc062723c751e8b465ee728b)
Start importing Assets/Mirror/Examples/Room/Scenes/OfflineScene.unity using Guid(9e6f14982412b2545a0911ebaaa46a23) Importer(815301076,1909f56bfc062723c751e8b465ee728b)  -> (artifact id: '284ffba65af0513bbd3e436f50066659') in 0.001983 seconds 
  Import took 0.004562 seconds .

========================================================================
Received Import Request.
  Time since last request: 8.311599 seconds.
  path: Assets/Mirror/Examples/RigidbodyPhysics
  artifactKey: Guid(703869fabc2e0e241962909920029b0b) Importer(815301076,1909f56bfc062723c751e8b465ee728b)
Start importing Assets/Mirror/Examples/RigidbodyPhysics using Guid(703869fabc2e0e241962909920029b0b) Importer(815301076,1909f56bfc062723c751e8b465ee728b)  -> (artifact id: '8aa3ca136f16198b45fda335ccee3f0f') in 0.001933 seconds 
  Import took 0.004355 seconds .

========================================================================
Received Import Request.
  Time since last request: 2.175979 seconds.
  path: Assets/Mirror/Examples/RigidbodyPhysics/Scenes
  artifactKey: Guid(c11c778c869824342b9edc9a95de5a19) Importer(815301076,1909f56bfc062723c751e8b465ee728b)
Start importing Assets/Mirror/Examples/RigidbodyPhysics/Scenes using Guid(c11c778c869824342b9edc9a95de5a19) Importer(815301076,1909f56bfc062723c751e8b465ee728b)  -> (artifact id: 'fba56d476611a99ecae397ba40747160') in 0.001710 seconds 
  Import took 0.004073 seconds .

========================================================================
Received Import Request.
  Time since last request: 0.675203 seconds.
  path: Assets/Mirror/Examples/RigidbodyPhysics/Scenes/BounceScene.unity
  artifactKey: Guid(b42449e4a64f03a42b999b0c118df11b) Importer(815301076,1909f56bfc062723c751e8b465ee728b)
Start importing Assets/Mirror/Examples/RigidbodyPhysics/Scenes/BounceScene.unity using Guid(b42449e4a64f03a42b999b0c118df11b) Importer(815301076,1909f56bfc062723c751e8b465ee728b)  -> (artifact id: 'e543eba05fb9464896f9fc50fc16bd93') in 0.002360 seconds 
  Import took 0.004810 seconds .

========================================================================
Received Import Request.
  Time since last request: 4.476503 seconds.
  path: Assets/Mirror/Examples/Tanks
  artifactKey: Guid(a6dc5104926d44c9296aec7699989ac3) Importer(815301076,1909f56bfc062723c751e8b465ee728b)
Start importing Assets/Mirror/Examples/Tanks using Guid(a6dc5104926d44c9296aec7699989ac3) Importer(815301076,1909f56bfc062723c751e8b465ee728b)  -> (artifact id: 'fa9f07f2dd9307eae4f08addd1ef29e4') in 0.001815 seconds 
  Import took 0.004183 seconds .

========================================================================
Received Import Request.
  Time since last request: 1.259206 seconds.
  path: Assets/Mirror/Examples/Tanks/Scenes
  artifactKey: Guid(91225a3fc58fe4a7f9e10718cd3bdc61) Importer(815301076,1909f56bfc062723c751e8b465ee728b)
Start importing Assets/Mirror/Examples/Tanks/Scenes using Guid(91225a3fc58fe4a7f9e10718cd3bdc61) Importer(815301076,1909f56bfc062723c751e8b465ee728b)  -> (artifact id: '2b9002448c7e84e6fb939eaba5bd82e8') in 0.001537 seconds 
  Import took 0.003766 seconds .

========================================================================
Received Import Request.
  Time since last request: 1.476988 seconds.
  path: Assets/Mirror/Examples/Tanks/Scenes/Scene
  artifactKey: Guid(81cfd31f234d94a0985fe946d2ce699f) Importer(815301076,1909f56bfc062723c751e8b465ee728b)
Start importing Assets/Mirror/Examples/Tanks/Scenes/Scene using Guid(81cfd31f234d94a0985fe946d2ce699f) Importer(815301076,1909f56bfc062723c751e8b465ee728b)  -> (artifact id: 'ecbfdeb943888c7c52c3587214571a98') in 0.001648 seconds 
  Import took 0.004160 seconds .

========================================================================
Received Import Request.
  Time since last request: 0.046559 seconds.
  path: Assets/Mirror/Examples/Tanks/Scenes/Scene/NavMesh.asset
  artifactKey: Guid(0bc607fa2e315482ebe98797e844e11f) Importer(815301076,1909f56bfc062723c751e8b465ee728b)
Start importing Assets/Mirror/Examples/Tanks/Scenes/Scene/NavMesh.asset using Guid(0bc607fa2e315482ebe98797e844e11f) Importer(815301076,1909f56bfc062723c751e8b465ee728b)  -> (artifact id: '5cc47cb0d97397fa34cded2c3cce7196') in 0.013182 seconds 
  Import took 0.015463 seconds .

========================================================================
Received Import Request.
  Time since last request: 1.762435 seconds.
  path: Assets/Mirror/Examples/Tanks/Scenes/Scene.unity
  artifactKey: Guid(83f9d2fb76f5742448c6e51f258327a2) Importer(815301076,1909f56bfc062723c751e8b465ee728b)
Start importing Assets/Mirror/Examples/Tanks/Scenes/Scene.unity using Guid(83f9d2fb76f5742448c6e51f258327a2) Importer(815301076,1909f56bfc062723c751e8b465ee728b)  -> (artifact id: '885abaae0b92f8f6dfe850a26d81478f') in 0.001969 seconds 
  Import took 0.004474 seconds .

========================================================================
Received Prepare
Registering precompiled user dll's ...
Registered in 0.003718 seconds.
Begin MonoManager ReloadAssembly
Native extension for WindowsStandalone target not found
Native extension for OSXStandalone target not found
Refreshing native plugins compatible for Editor in 0.57 ms, found 2 plugins.
Preloading 0 native plugins for Editor in 0.00 ms.
Mono: successfully reloaded assembly
- Completed reload, in  0.675 seconds
Domain Reload Profiling:
	ReloadAssembly (675ms)
		BeginReloadAssembly (87ms)
			ExecutionOrderSort (0ms)
			DisableScriptedObjects (3ms)
			BackupInstance (0ms)
			ReleaseScriptingObjects (0ms)
			CreateAndSetChildDomain (28ms)
		EndReloadAssembly (550ms)
			LoadAssemblies (64ms)
			RebuildTransferFunctionScriptingTraits (0ms)
			SetupTypeCache (184ms)
			ReleaseScriptCaches (1ms)
			RebuildScriptCaches (29ms)
			SetupLoadedEditorAssemblies (211ms)
				LogAssemblyErrors (0ms)
				InitializePlatformSupportModulesInManaged (4ms)
				SetLoadedEditorAssemblies (0ms)
				RefreshPlugins (1ms)
				BeforeProcessingInitializeOnLoad (39ms)
				ProcessInitializeOnLoadAttributes (159ms)
				ProcessInitializeOnLoadMethodAttributes (6ms)
				AfterProcessingInitializeOnLoad (1ms)
				EditorAssembliesLoaded (0ms)
			ExecutionOrderSort2 (0ms)
			AwakeInstancesAfterBackupRestoration (6ms)
Platform modules already initialized, skipping
Refreshing native plugins compatible for Editor in 0.36 ms, found 2 plugins.
Preloading 0 native plugins for Editor in 0.00 ms.
Unloading 1649 Unused Serialized files (Serialized files now loaded: 0)
System memory in use before: 75.7 MB.
System memory in use after: 75.8 MB.

Unloading 18 unused Assets to reduce memory usage. Loaded Objects now: 2087.
Total: 1.673200 ms (FindLiveObjects: 0.137000 ms CreateObjectMapping: 0.028800 ms MarkObjects: 1.486000 ms  DeleteObjects: 0.019800 ms)

AssetImportParameters requested are different than current active one (requested -> active):
  custom:framework-win-MediaFoundation: 216162199b28c13a410421893ffa2e32 -> 
  custom:video-decoder-ogg-theora: a1e56fd34408186e4bbccfd4996cb3dc -> 
  custom:container-muxer-webm: aa71ff27fc2769a1b78a27578f13a17b -> 
  custom:container-demuxer-webm: 4f35f7cbe854078d1ac9338744f61a02 -> 
  custom:container-demuxer-ogg: 62fdf1f143b41e24485cea50d1cbac27 -> 
  custom:video-encoder-webm-vp8: eb34c28f22e8b96e1ab97ce403110664 -> 
  custom:video-codec-MediaFoundation-h265: 746d11721c4dcdbdad8f713fa42b33f4 -> 
  custom:video-decoder-webm-vp8: 9c59270c3fd7afecdb556c50c9e8de78 -> 
  custom:audio-decoder-ogg-vorbis: bf7c407c2cedff20999df2af8eb42d56 -> 
  custom:audio-encoder-webm-vorbis: bf7c407c2cedff20999df2af8eb42d56 -> 
AssetImportWorkerClient::OnTransportError - code=2 error=End of file
